<?xml version="1.0" encoding="UTF-8"?>
<testng-results ignored="0" total="1" passed="1" failed="0" skipped="0">
  <reporter-output>
  </reporter-output>
  <suite started-at="2024-11-15T00:06:26 CET" name="Default suite" finished-at="2024-11-15T00:06:27 CET" duration-ms="734">
    <groups>
      <group name="cucumber">
        <method signature="AbstractTestNGCucumberTests.runScenario(io.cucumber.testng.PickleWrapper,io.cucumber.testng.FeatureWrapper)[pri:0, instance:TestRunner.CucumberTestRunnerorTag@66d18979]" name="runScenario" class="io.cucumber.testng.AbstractTestNGCucumberTests"/>
      </group> <!-- cucumber -->
    </groups>
    <test started-at="2024-11-15T00:06:26 CET" name="Default test" finished-at="2024-11-15T00:06:27 CET" duration-ms="734">
      <class name="TestRunner.CucumberTestRunnerorTag">
        <test-method is-config="true" signature="setUpClass(org.testng.ITestContext)[pri:0, instance:TestRunner.CucumberTestRunnerorTag@66d18979]" started-at="2024-11-15T00:06:26 CET" name="setUpClass" finished-at="2024-11-15T00:06:26 CET" duration-ms="573" status="PASS">
          <params>
            <param index="0">
              <value>
                <![CDATA[org.testng.TestRunner@551a20d6]]>
              </value>
            </param>
          </params>
          <reporter-output>
          </reporter-output>
        </test-method> <!-- setUpClass -->
        <test-method signature="runScenario(io.cucumber.testng.PickleWrapper,io.cucumber.testng.FeatureWrapper)[pri:0, instance:TestRunner.CucumberTestRunnerorTag@66d18979]" started-at="2024-11-15T00:06:26 CET" name="runScenario" description="Runs Cucumber Scenarios" data-provider="scenarios" finished-at="2024-11-15T00:06:26 CET" duration-ms="77" status="PASS">
          <params>
            <param index="0">
              <value>
                <![CDATA["Scenario 2 from test1 feature"]]>
              </value>
            </param>
            <param index="1">
              <value>
                <![CDATA["This is test1 feature"]]>
              </value>
            </param>
          </params>
          <reporter-output>
          </reporter-output>
        </test-method> <!-- runScenario -->
        <test-method is-config="true" signature="tearDownClass()[pri:0, instance:TestRunner.CucumberTestRunnerorTag@66d18979]" started-at="2024-11-15T00:06:27 CET" name="tearDownClass" finished-at="2024-11-15T00:06:27 CET" duration-ms="36" status="PASS">
          <reporter-output>
          </reporter-output>
        </test-method> <!-- tearDownClass -->
      </class> <!-- TestRunner.CucumberTestRunnerorTag -->
    </test> <!-- Default test -->
  </suite> <!-- Default suite -->
</testng-results>
