<?xml version="1.0" encoding="UTF-8"?>
<testng-results ignored="0" total="5" passed="5" failed="0" skipped="0">
  <reporter-output>
  </reporter-output>
  <suite started-at="2024-11-15T01:50:55 CET" name="Surefire suite" finished-at="2024-11-15T01:51:12 CET" duration-ms="17528">
    <groups>
      <group name="cucumber">
        <method signature="AbstractTestNGCucumberTests.runScenario(io.cucumber.testng.PickleWrapper,io.cucumber.testng.FeatureWrapper)[pri:0, instance:TestRunner.CucumberTestRunner@9f116cc]" name="runScenario" class="io.cucumber.testng.AbstractTestNGCucumberTests"/>
        <method signature="AbstractTestNGCucumberTests.runScenario(io.cucumber.testng.PickleWrapper,io.cucumber.testng.FeatureWrapper)[pri:0, instance:TestRunner.CucumberTestRunnerorTag@2a798d51]" name="runScenario" class="io.cucumber.testng.AbstractTestNGCucumberTests"/>
      </group> <!-- cucumber -->
    </groups>
    <test started-at="2024-11-15T01:50:55 CET" name="Surefire test" finished-at="2024-11-15T01:51:12 CET" duration-ms="17528">
      <class name="TestRunner.CucumberTestRunnerorTag">
        <test-method is-config="true" signature="setUpClass(org.testng.ITestContext)[pri:0, instance:TestRunner.CucumberTestRunnerorTag@2a798d51]" started-at="2024-11-15T01:51:12 CET" name="setUpClass" finished-at="2024-11-15T01:51:12 CET" duration-ms="21" status="PASS">
          <params>
            <param index="0">
              <value>
                <![CDATA[org.testng.TestRunner@30ec7d21]]>
              </value>
            </param>
          </params>
          <reporter-output>
          </reporter-output>
        </test-method> <!-- setUpClass -->
        <test-method signature="runScenario(io.cucumber.testng.PickleWrapper,io.cucumber.testng.FeatureWrapper)[pri:0, instance:TestRunner.CucumberTestRunnerorTag@2a798d51]" started-at="2024-11-15T01:51:12 CET" name="runScenario" description="Runs Cucumber Scenarios" data-provider="scenarios" finished-at="2024-11-15T01:51:12 CET" duration-ms="2" status="PASS">
          <params>
            <param index="0">
              <value>
                <![CDATA["Scenario 2 from test1 feature"]]>
              </value>
            </param>
            <param index="1">
              <value>
                <![CDATA["This is test1 feature"]]>
              </value>
            </param>
          </params>
          <reporter-output>
          </reporter-output>
        </test-method> <!-- runScenario -->
        <test-method is-config="true" signature="tearDownClass()[pri:0, instance:TestRunner.CucumberTestRunnerorTag@2a798d51]" started-at="2024-11-15T01:51:12 CET" name="tearDownClass" finished-at="2024-11-15T01:51:12 CET" duration-ms="15" status="PASS">
          <reporter-output>
          </reporter-output>
        </test-method> <!-- tearDownClass -->
      </class> <!-- TestRunner.CucumberTestRunnerorTag -->
      <class name="TestRunner.CucumberTestRunner">
        <test-method is-config="true" signature="setUpClass(org.testng.ITestContext)[pri:0, instance:TestRunner.CucumberTestRunner@9f116cc]" started-at="2024-11-15T01:50:55 CET" name="setUpClass" finished-at="2024-11-15T01:50:55 CET" duration-ms="503" status="PASS">
          <params>
            <param index="0">
              <value>
                <![CDATA[org.testng.TestRunner@30ec7d21]]>
              </value>
            </param>
          </params>
          <reporter-output>
          </reporter-output>
        </test-method> <!-- setUpClass -->
        <test-method signature="runScenario(io.cucumber.testng.PickleWrapper,io.cucumber.testng.FeatureWrapper)[pri:0, instance:TestRunner.CucumberTestRunner@9f116cc]" started-at="2024-11-15T01:50:55 CET" name="runScenario" description="Runs Cucumber Scenarios" data-provider="scenarios" finished-at="2024-11-15T01:51:00 CET" duration-ms="4480" status="PASS">
          <params>
            <param index="0">
              <value>
                <![CDATA["Check login is successful with valid creds"]]>
              </value>
            </param>
            <param index="1">
              <value>
                <![CDATA["Login page Automation of sauceDemo App"]]>
              </value>
            </param>
          </params>
          <reporter-output>
          </reporter-output>
        </test-method> <!-- runScenario -->
        <test-method signature="runScenario(io.cucumber.testng.PickleWrapper,io.cucumber.testng.FeatureWrapper)[pri:0, instance:TestRunner.CucumberTestRunner@9f116cc]" started-at="2024-11-15T01:51:00 CET" name="runScenario" description="Runs Cucumber Scenarios" data-provider="scenarios" finished-at="2024-11-15T01:51:02 CET" duration-ms="2017" status="PASS">
          <params>
            <param index="0">
              <value>
                <![CDATA["Check login is successful with valid creds"]]>
              </value>
            </param>
            <param index="1">
              <value>
                <![CDATA["Login page Automation of sauceDemo App"]]>
              </value>
            </param>
          </params>
          <reporter-output>
          </reporter-output>
        </test-method> <!-- runScenario -->
        <test-method signature="runScenario(io.cucumber.testng.PickleWrapper,io.cucumber.testng.FeatureWrapper)[pri:0, instance:TestRunner.CucumberTestRunner@9f116cc]" started-at="2024-11-15T01:51:02 CET" name="runScenario" description="Runs Cucumber Scenarios" data-provider="scenarios" finished-at="2024-11-15T01:51:04 CET" duration-ms="2162" status="PASS">
          <params>
            <param index="0">
              <value>
                <![CDATA["Check login is successful with valid creds"]]>
              </value>
            </param>
            <param index="1">
              <value>
                <![CDATA["Login page Automation of sauceDemo App"]]>
              </value>
            </param>
          </params>
          <reporter-output>
          </reporter-output>
        </test-method> <!-- runScenario -->
        <test-method signature="runScenario(io.cucumber.testng.PickleWrapper,io.cucumber.testng.FeatureWrapper)[pri:0, instance:TestRunner.CucumberTestRunner@9f116cc]" started-at="2024-11-15T01:51:04 CET" name="runScenario" description="Runs Cucumber Scenarios" data-provider="scenarios" finished-at="2024-11-15T01:51:12 CET" duration-ms="8223" status="PASS">
          <params>
            <param index="0">
              <value>
                <![CDATA["Check login is successful with valid creds"]]>
              </value>
            </param>
            <param index="1">
              <value>
                <![CDATA["Login page Automation of sauceDemo App"]]>
              </value>
            </param>
          </params>
          <reporter-output>
          </reporter-output>
        </test-method> <!-- runScenario -->
        <test-method is-config="true" signature="tearDownClass()[pri:0, instance:TestRunner.CucumberTestRunner@9f116cc]" started-at="2024-11-15T01:51:12 CET" name="tearDownClass" finished-at="2024-11-15T01:51:12 CET" duration-ms="50" status="PASS">
          <reporter-output>
          </reporter-output>
        </test-method> <!-- tearDownClass -->
      </class> <!-- TestRunner.CucumberTestRunner -->
    </test> <!-- Surefire test -->
  </suite> <!-- Surefire suite -->
</testng-results>
